# JRE version: Java(TM) SE Runtime Environment (8.0_181-b13) (build 1.8.0_181-b13)
# Java VM: Java HotSpot(TM) 64-Bit Server VM (25.181-b13 mixed mode windows-amd64 compressed oops)
Heap:
 PSYoungGen      total 256512K, used 109047K [0x00000000e0000000, 0x00000000f4300000, 0x0000000100000000)
  eden space 227840K, 43% used [0x00000000e0000000,0x00000000e6188d98,0x00000000ede80000)
  from space 28672K, 31% used [0x00000000ef800000,0x00000000f00f5090,0x00000000f1400000)
  to   space 26112K, 0% used [0x00000000ede80000,0x00000000ede80000,0x00000000ef800000)
 ParOldGen       total 113152K, used 63548K [0x00000000a0000000, 0x00000000a6e80000, 0x00000000e0000000)
  object space 113152K, 56% used [0x00000000a0000000,0x00000000a3e0f370,0x00000000a6e80000)
 Metaspace       used 102668K, capacity 106788K, committed 107224K, reserved 1142784K
  class space    used 13481K, capacity 14275K, committed 14336K, reserved 1048576K
GC Heap History (10 events):
Event: 5231.767 GC heap before
{Heap before GC invocations=30 (full 3):
 PSYoungGen      total 216576K, used 90063K [0x00000000e0000000, 0x00000000f0a80000, 0x0000000100000000)
  eden space 192512K, 36% used [0x00000000e0000000,0x00000000e440a890,0x00000000ebc00000)
  from space 24064K, 84% used [0x00000000ed600000,0x00000000ee9e9388,0x00000000eed80000)
  to   space 26624K, 0% used [0x00000000ebc00000,0x00000000ebc00000,0x00000000ed600000)
 ParOldGen       total 78848K, used 59291K [0x00000000a0000000, 0x00000000a4d00000, 0x00000000e0000000)
  object space 78848K, 75% used [0x00000000a0000000,0x00000000a39e6f40,0x00000000a4d00000)
 Metaspace       used 94428K, capacity 98298K, committed 98380K, reserved 1134592K
  class space    used 12447K, capacity 13267K, committed 13312K, reserved 1048576K
Event: 5232.456 GC heap after
Heap after GC invocations=30 (full 3):
 PSYoungGen      total 219136K, used 21767K [0x00000000e0000000, 0x00000000f1400000, 0x0000000100000000)
  eden space 192512K, 0% used [0x00000000e0000000,0x00000000e0000000,0x00000000ebc00000)
  from space 26624K, 81% used [0x00000000ebc00000,0x00000000ed141ef8,0x00000000ed600000)
  to   space 28672K, 0% used [0x00000000ef800000,0x00000000ef800000,0x00000000f1400000)
 ParOldGen       total 78848K, used 59299K [0x00000000a0000000, 0x00000000a4d00000, 0x00000000e0000000)
  object space 78848K, 75% used [0x00000000a0000000,0x00000000a39e8f40,0x00000000a4d00000)
 Metaspace       used 94428K, capacity 98298K, committed 98380K, reserved 1134592K
  class space    used 12447K, capacity 13267K, committed 13312K, reserved 1048576K
}
Event: 5232.464 GC heap before
{Heap before GC invocations=31 (full 4):
 PSYoungGen      total 219136K, used 21767K [0x00000000e0000000, 0x00000000f1400000, 0x0000000100000000)
  eden space 192512K, 0% used [0x00000000e0000000,0x00000000e0000000,0x00000000ebc00000)
  from space 26624K, 81% used [0x00000000ebc00000,0x00000000ed141ef8,0x00000000ed600000)
  to   space 28672K, 0% used [0x00000000ef800000,0x00000000ef800000,0x00000000f1400000)
 ParOldGen       total 78848K, used 59299K [0x00000000a0000000, 0x00000000a4d00000, 0x00000000e0000000)
  object space 78848K, 75% used [0x00000000a0000000,0x00000000a39e8f40,0x00000000a4d00000)
 Metaspace       used 94428K, capacity 98298K, committed 98380K, reserved 1134592K
  class space    used 12447K, capacity 13267K, committed 13312K, reserved 1048576K
Event: 5238.903 GC heap after
Heap after GC invocations=31 (full 4):
 PSYoungGen      total 219136K, used 0K [0x00000000e0000000, 0x00000000f1400000, 0x0000000100000000)
  eden space 192512K, 0% used [0x00000000e0000000,0x00000000e0000000,0x00000000ebc00000)
  from space 26624K, 0% used [0x00000000ebc00000,0x00000000ebc00000,0x00000000ed600000)
  to   space 28672K, 0% used [0x00000000ef800000,0x00000000ef800000,0x00000000f1400000)
 ParOldGen       total 113152K, used 54210K [0x00000000a0000000, 0x00000000a6e80000, 0x00000000e0000000)
  object space 113152K, 47% used [0x00000000a0000000,0x00000000a34f0a10,0x00000000a6e80000)
 Metaspace       used 93252K, capacity 96122K, committed 98380K, reserved 1134592K
  class space    used 12203K, capacity 12840K, committed 13312K, reserved 1048576K
}
Event: 5252.501 GC heap before
{Heap before GC invocations=32 (full 4):
 PSYoungGen      total 219136K, used 192512K [0x00000000e0000000, 0x00000000f1400000, 0x0000000100000000)
  eden space 192512K, 100% used [0x00000000e0000000,0x00000000ebc00000,0x00000000ebc00000)
  from space 26624K, 0% used [0x00000000ebc00000,0x00000000ebc00000,0x00000000ed600000)
  to   space 28672K, 0% used [0x00000000ef800000,0x00000000ef800000,0x00000000f1400000)
 ParOldGen       total 113152K, used 54210K [0x00000000a0000000, 0x00000000a6e80000, 0x00000000e0000000)
  object space 113152K, 47% used [0x00000000a0000000,0x00000000a34f0a10,0x00000000a6e80000)
 Metaspace       used 102114K, capacity 106102K, committed 106712K, reserved 1142784K
  class space    used 13439K, capacity 14228K, committed 14336K, reserved 1048576K
Event: 5254.034 GC heap after
Heap after GC invocations=32 (full 4):
 PSYoungGen      total 255488K, used 11640K [0x00000000e0000000, 0x00000000f1800000, 0x0000000100000000)
  eden space 226816K, 0% used [0x00000000e0000000,0x00000000e0000000,0x00000000edd80000)
  from space 28672K, 40% used [0x00000000ef800000,0x00000000f035e218,0x00000000f1400000)
  to   space 27136K, 0% used [0x00000000edd80000,0x00000000edd80000,0x00000000ef800000)
 ParOldGen       total 113152K, used 54226K [0x00000000a0000000, 0x00000000a6e80000, 0x00000000e0000000)
  object space 113152K, 47% used [0x00000000a0000000,0x00000000a34f4a10,0x00000000a6e80000)
 Metaspace       used 102114K, capacity 106102K, committed 106712K, reserved 1142784K
  class space    used 13439K, capacity 14228K, committed 14336K, reserved 1048576K
}
Event: 5274.971 GC heap before
{Heap before GC invocations=33 (full 4):
 PSYoungGen      total 255488K, used 238456K [0x00000000e0000000, 0x00000000f1800000, 0x0000000100000000)
  eden space 226816K, 100% used [0x00000000e0000000,0x00000000edd80000,0x00000000edd80000)
  from space 28672K, 40% used [0x00000000ef800000,0x00000000f035e218,0x00000000f1400000)
  to   space 27136K, 0% used [0x00000000edd80000,0x00000000edd80000,0x00000000ef800000)
 ParOldGen       total 113152K, used 54226K [0x00000000a0000000, 0x00000000a6e80000, 0x00000000e0000000)
  object space 113152K, 47% used [0x00000000a0000000,0x00000000a34f4a10,0x00000000a6e80000)
 Metaspace       used 102439K, capacity 106436K, committed 106968K, reserved 1142784K
  class space    used 13463K, capacity 14235K, committed 14336K, reserved 1048576K
Event: 5277.035 GC heap after
Heap after GC invocations=33 (full 4):
 PSYoungGen      total 253952K, used 14654K [0x00000000e0000000, 0x00000000f1800000, 0x0000000100000000)
  eden space 226816K, 0% used [0x00000000e0000000,0x00000000e0000000,0x00000000edd80000)
  from space 27136K, 54% used [0x00000000edd80000,0x00000000eebcfad0,0x00000000ef800000)
  to   space 28672K, 0% used [0x00000000ef800000,0x00000000ef800000,0x00000000f1400000)
 ParOldGen       total 113152K, used 54234K [0x00000000a0000000, 0x00000000a6e80000, 0x00000000e0000000)
  object space 113152K, 47% used [0x00000000a0000000,0x00000000a34f6a10,0x00000000a6e80000)
 Metaspace       used 102439K, capacity 106436K, committed 106968K, reserved 1142784K
  class space    used 13463K, capacity 14235K, committed 14336K, reserved 1048576K
}
Event: 5288.512 GC heap before
{Heap before GC invocations=34 (full 4):
 PSYoungGen      total 253952K, used 241470K [0x00000000e0000000, 0x00000000f1800000, 0x0000000100000000)
  eden space 226816K, 100% used [0x00000000e0000000,0x00000000edd80000,0x00000000edd80000)
  from space 27136K, 54% used [0x00000000edd80000,0x00000000eebcfad0,0x00000000ef800000)
  to   space 28672K, 0% used [0x00000000ef800000,0x00000000ef800000,0x00000000f1400000)
 ParOldGen       total 113152K, used 54234K [0x00000000a0000000, 0x00000000a6e80000, 0x00000000e0000000)
  object space 113152K, 47% used [0x00000000a0000000,0x00000000a34f6a10,0x00000000a6e80000)
 Metaspace       used 102644K, capacity 106780K, committed 107224K, reserved 1142784K
  class space    used 13481K, capacity 14275K, committed 14336K, reserved 1048576K
Event: 5289.501 GC heap after
Heap after GC invocations=34 (full 4):
 PSYoungGen      total 256512K, used 9172K [0x00000000e0000000, 0x00000000f4300000, 0x0000000100000000)
  eden space 227840K, 0% used [0x00000000e0000000,0x00000000e0000000,0x00000000ede80000)
  from space 28672K, 31% used [0x00000000ef800000,0x00000000f00f5090,0x00000000f1400000)
  to   space 26112K, 0% used [0x00000000ede80000,0x00000000ede80000,0x00000000ef800000)
 ParOldGen       total 113152K, used 63548K [0x00000000a0000000, 0x00000000a6e80000, 0x00000000e0000000)
  object space 113152K, 56% used [0x00000000a0000000,0x00000000a3e0f370,0x00000000a6e80000)
 Metaspace       used 102644K, capacity 106780K, committed 107224K, reserved 1142784K
  class space    used 13481K, capacity 14275K, committed 14336K, reserved 1048576K
}

